# JRE version: Java(TM) SE Runtime Environment (21.0.1+12) (build 21.0.1+12-LTS-29)
# Java VM: Java HotSpot(TM) 64-Bit Server VM (21.0.1+12-LTS-29, mixed mode, sharing, tiered, compressed oops, compressed class ptrs, g1 gc, bsd-amd64)
GC Precious Log:
 CardTable entry size: 512
 Card Set container configuration: InlinePtr #cards 4 size 8 Array Of Cards #cards 16 size 48 Howl #buckets 8 coarsen threshold 3686 Howl Bitmap #cards 512 size 80 coarsen threshold 460 Card regions per heap region 1 cards per card region 4096
 CPUs: 12 total, 12 available
 Memory: 16384M
 Large Page Support: Disabled
 NUMA Support: Disabled
 Compressed Oops: Enabled (Zero based)
 Heap Region Size: 2M
 Heap Min Capacity: 8M
 Heap Initial Capacity: 256M
 Heap Max Capacity: 4G
 Pre-touch: Disabled
 Parallel Workers: 10
 Concurrent Workers: 3
 Concurrent Refinement Workers: 10
 Periodic GC: Disabled
Heap:
 garbage-first heap   total 264192K, used 79871K [0x0000000700000000, 0x0000000800000000)
  region size 2048K, 7 young (14336K), 4 survivors (8192K)
 Metaspace       used 16505K, committed 16768K, reserved 1114112K
  class space    used 1791K, committed 1920K, reserved 1048576K
GC Heap History (6 events):
Event: 6.719 GC heap before
{Heap before GC invocations=0 (full 0):
 garbage-first heap   total 264192K, used 23565K [0x0000000700000000, 0x0000000800000000)
  region size 2048K, 11 young (22528K), 0 survivors (0K)
 Metaspace       used 15651K, committed 15936K, reserved 1114112K
  class space    used 1761K, committed 1920K, reserved 1048576K
}
Event: 6.724 GC heap after
{Heap after GC invocations=1 (full 0):
 garbage-first heap   total 264192K, used 5984K [0x0000000700000000, 0x0000000800000000)
  region size 2048K, 2 young (4096K), 2 survivors (4096K)
 Metaspace       used 15651K, committed 15936K, reserved 1114112K
  class space    used 1761K, committed 1920K, reserved 1048576K
}
Event: 3031.090 GC heap before
{Heap before GC invocations=1 (full 0):
 garbage-first heap   total 264192K, used 128864K [0x0000000700000000, 0x0000000800000000)
  region size 2048K, 12 young (24576K), 2 survivors (4096K)
 Metaspace       used 16444K, committed 16704K, reserved 1114112K
  class space    used 1791K, committed 1920K, reserved 1048576K
}
Event: 3031.105 GC heap after
{Heap after GC invocations=2 (full 0):
 garbage-first heap   total 264192K, used 118096K [0x0000000700000000, 0x0000000800000000)
  region size 2048K, 3 young (6144K), 3 survivors (6144K)
 Metaspace       used 16444K, committed 16704K, reserved 1114112K
  class space    used 1791K, committed 1920K, reserved 1048576K
}
Event: 3169.700 GC heap before
{Heap before GC invocations=2 (full 0):
 garbage-first heap   total 264192K, used 128336K [0x0000000700000000, 0x0000000800000000)
  region size 2048K, 5 young (10240K), 3 survivors (6144K)
 Metaspace       used 16478K, committed 16704K, reserved 1114112K
  class space    used 1791K, committed 1920K, reserved 1048576K
}
Event: 3169.716 GC heap after
{Heap after GC invocations=3 (full 0):
 garbage-first heap   total 264192K, used 53247K [0x0000000700000000, 0x0000000800000000)
  region size 2048K, 4 young (8192K), 4 survivors (8192K)
 Metaspace       used 16478K, committed 16704K, reserved 1114112K
  class space    used 1791K, committed 1920K, reserved 1048576K
}

